This is pdfTeX, Version 3.14159265-2.6-1.40.17 (TeX Live 2016/Arch Linux) (preloaded format=pdflatex 2016.11.24)  3 DEC 2016 23:59
entering extended mode
 restricted \write18 enabled.
 %&-line parsing enabled.
**report
(./report.tex
LaTeX2e <2016/03/31> patch level 3
Babel <3.9r> and hyphenation patterns for 83 language(s) loaded.
(./llncs.cls
Document Class: llncs 2014/03/31 v2.19 
 LaTeX document class for Lecture Notes in Computer Science
(/usr/share/texmf-dist/tex/latex/base/article.cls
Document Class: article 2014/09/29 v1.4h Standard LaTeX document class
(/usr/share/texmf-dist/tex/latex/base/size10.clo
File: size10.clo 2014/09/29 v1.4h Standard LaTeX file (size option)
)
\c@part=\count79
\c@section=\count80
\c@subsection=\count81
\c@subsubsection=\count82
\c@paragraph=\count83
\c@subparagraph=\count84
\c@figure=\count85
\c@table=\count86
\abovecaptionskip=\skip41
\belowcaptionskip=\skip42
\bibindent=\dimen102
)
(/usr/share/texmf-dist/tex/latex/tools/multicol.sty
Package: multicol 2016/04/07 v1.8p multicolumn formatting (FMi)
\c@tracingmulticols=\count87
\mult@box=\box26
\multicol@leftmargin=\dimen103
\c@unbalance=\count88
\c@collectmore=\count89
\doublecol@number=\count90
\multicoltolerance=\count91
\multicolpretolerance=\count92
\full@width=\dimen104
\page@free=\dimen105
\premulticols=\dimen106
\postmulticols=\dimen107
\multicolsep=\skip43
\multicolbaselineskip=\skip44
\partial@page=\box27
\last@line=\box28
\maxbalancingoverflow=\dimen108
\mult@rightbox=\box29
\mult@grightbox=\box30
\mult@gfirstbox=\box31
\mult@firstbox=\box32
\@tempa=\box33
\@tempa=\box34
\@tempa=\box35
\@tempa=\box36
\@tempa=\box37
\@tempa=\box38
\@tempa=\box39
\@tempa=\box40
\@tempa=\box41
\@tempa=\box42
\@tempa=\box43
\@tempa=\box44
\@tempa=\box45
\@tempa=\box46
\@tempa=\box47
\@tempa=\box48
\@tempa=\box49
\c@columnbadness=\count93
\c@finalcolumnbadness=\count94
\last@try=\dimen109
\multicolovershoot=\dimen110
\multicolundershoot=\dimen111
\mult@nat@firstbox=\box50
\colbreak@box=\box51
\mc@col@check@num=\count95
) (./aliascnt.sty
Package: aliascnt 2009/09/08 v1.3 Alias counter (HO)

(./remreset.sty))
\c@chapter=\count96
LaTeX Font Info:    Redeclaring math symbol \Gamma on input line 362.
LaTeX Font Info:    Redeclaring math symbol \Delta on input line 363.
LaTeX Font Info:    Redeclaring math symbol \Theta on input line 364.
LaTeX Font Info:    Redeclaring math symbol \Lambda on input line 365.
LaTeX Font Info:    Redeclaring math symbol \Xi on input line 366.
LaTeX Font Info:    Redeclaring math symbol \Pi on input line 367.
LaTeX Font Info:    Redeclaring math symbol \Sigma on input line 368.
LaTeX Font Info:    Redeclaring math symbol \Upsilon on input line 369.
LaTeX Font Info:    Redeclaring math symbol \Phi on input line 370.
LaTeX Font Info:    Redeclaring math symbol \Psi on input line 371.
LaTeX Font Info:    Redeclaring math symbol \Omega on input line 372.
\tocchpnum=\dimen112
\tocsecnum=\dimen113
\tocsectotal=\dimen114
\tocsubsecnum=\dimen115
\tocsubsectotal=\dimen116
\tocsubsubsecnum=\dimen117
\tocsubsubsectotal=\dimen118
\tocparanum=\dimen119
\tocparatotal=\dimen120
\tocsubparanum=\dimen121
\@tempcntc=\count97
\fnindent=\dimen122
\c@@inst=\count98
\c@@auth=\count99
\c@auco=\count100
\instindent=\dimen123
\authrun=\box52
\authorrunning=\toks14
\tocauthor=\toks15
\titrun=\box53
\titlerunning=\toks16
\toctitle=\toks17
\c@theorem=\count101
\c@case=\count102
\c@conjecture=\count103
\c@corollary=\count104
\c@definition=\count105
\c@example=\count106
\c@exercise=\count107
\c@lemma=\count108
\c@note=\count109
\c@problem=\count110
\c@property=\count111
\c@proposition=\count112
\c@question=\count113
\c@solution=\count114
\c@remark=\count115
\headlineindent=\dimen124
) (/usr/share/texmf-dist/tex/latex/xcolor/xcolor.sty
Package: xcolor 2016/05/11 v2.12 LaTeX color extensions (UK)

(/usr/share/texmf-dist/tex/latex/graphics-cfg/color.cfg
File: color.cfg 2016/01/02 v1.6 sample color configuration
)
Package xcolor Info: Driver file: pdftex.def on input line 225.

(/usr/share/texmf-dist/tex/latex/graphics-def/pdftex.def
File: pdftex.def 2016/07/10 v0.06j Graphics/color for pdfTeX

(/usr/share/texmf-dist/tex/generic/oberdiek/infwarerr.sty
Package: infwarerr 2016/05/16 v1.4 Providing info/warning/error messages (HO)
)
(/usr/share/texmf-dist/tex/generic/oberdiek/ltxcmds.sty
Package: ltxcmds 2016/05/16 v1.23 LaTeX kernel commands for general use (HO)
)
\Gread@gobject=\count116
)
Package xcolor Info: Model `cmy' substituted by `cmy0' on input line 1348.
Package xcolor Info: Model `hsb' substituted by `rgb' on input line 1352.
Package xcolor Info: Model `RGB' extended on input line 1364.
Package xcolor Info: Model `HTML' substituted by `rgb' on input line 1366.
Package xcolor Info: Model `Hsb' substituted by `hsb' on input line 1367.
Package xcolor Info: Model `tHsb' substituted by `hsb' on input line 1368.
Package xcolor Info: Model `HSB' substituted by `hsb' on input line 1369.
Package xcolor Info: Model `Gray' substituted by `gray' on input line 1370.
Package xcolor Info: Model `wave' substituted by `hsb' on input line 1371.
)
(/usr/share/texmf-dist/tex/latex/graphics/graphicx.sty
Package: graphicx 2014/10/28 v1.0g Enhanced LaTeX Graphics (DPC,SPQR)

(/usr/share/texmf-dist/tex/latex/graphics/keyval.sty
Package: keyval 2014/10/28 v1.15 key=value parser (DPC)
\KV@toks@=\toks18
)
(/usr/share/texmf-dist/tex/latex/graphics/graphics.sty
Package: graphics 2016/07/10 v1.0t Standard LaTeX Graphics (DPC,SPQR)

(/usr/share/texmf-dist/tex/latex/graphics/trig.sty
Package: trig 2016/01/03 v1.10 sin cos tan (DPC)
)
(/usr/share/texmf-dist/tex/latex/graphics-cfg/graphics.cfg
File: graphics.cfg 2016/06/04 v1.11 sample graphics configuration
)
Package graphics Info: Driver file: pdftex.def on input line 99.
)
\Gin@req@height=\dimen125
\Gin@req@width=\dimen126
)
(/usr/share/texmf-dist/tex/latex/listings/listings.sty
\lst@mode=\count117
\lst@gtempboxa=\box54
\lst@token=\toks19
\lst@length=\count118
\lst@currlwidth=\dimen127
\lst@column=\count119
\lst@pos=\count120
\lst@lostspace=\dimen128
\lst@width=\dimen129
\lst@newlines=\count121
\lst@lineno=\count122
\lst@maxwidth=\dimen130

(/usr/share/texmf-dist/tex/latex/listings/lstmisc.sty
File: lstmisc.sty 2015/06/04 1.6 (Carsten Heinz)
\c@lstnumber=\count123
\lst@skipnumbers=\count124
\lst@framebox=\box55
)
(/usr/share/texmf-dist/tex/latex/listings/listings.cfg
File: listings.cfg 2015/06/04 1.6 listings configuration
))
Package: listings 2015/06/04 1.6 (Carsten Heinz)

(/usr/share/texmf-dist/tex/latex/base/inputenc.sty
Package: inputenc 2015/03/17 v1.2c Input encoding file
\inpenc@prehook=\toks20
\inpenc@posthook=\toks21

(/usr/share/texmf-dist/tex/latex/base/utf8.def
File: utf8.def 2016/02/28 v1.1s UTF-8 support for inputenc
Now handling font encoding OML ...
... no UTF-8 mapping file for font encoding OML
Now handling font encoding T1 ...
... processing UTF-8 mapping file for font encoding T1

(/usr/share/texmf-dist/tex/latex/base/t1enc.dfu
File: t1enc.dfu 2016/02/28 v1.1s UTF-8 support for inputenc
   defining Unicode char U+00A0 (decimal 160)
   defining Unicode char U+00A1 (decimal 161)
   defining Unicode char U+00A3 (decimal 163)
   defining Unicode char U+00AB (decimal 171)
   defining Unicode char U+00AD (decimal 173)
   defining Unicode char U+00BB (decimal 187)
   defining Unicode char U+00BF (decimal 191)
   defining Unicode char U+00C0 (decimal 192)
   defining Unicode char U+00C1 (decimal 193)
   defining Unicode char U+00C2 (decimal 194)
   defining Unicode char U+00C3 (decimal 195)
   defining Unicode char U+00C4 (decimal 196)
   defining Unicode char U+00C5 (decimal 197)
   defining Unicode char U+00C6 (decimal 198)
   defining Unicode char U+00C7 (decimal 199)
   defining Unicode char U+00C8 (decimal 200)
   defining Unicode char U+00C9 (decimal 201)
   defining Unicode char U+00CA (decimal 202)
   defining Unicode char U+00CB (decimal 203)
   defining Unicode char U+00CC (decimal 204)
   defining Unicode char U+00CD (decimal 205)
   defining Unicode char U+00CE (decimal 206)
   defining Unicode char U+00CF (decimal 207)
   defining Unicode char U+00D0 (decimal 208)
   defining Unicode char U+00D1 (decimal 209)
   defining Unicode char U+00D2 (decimal 210)
   defining Unicode char U+00D3 (decimal 211)
   defining Unicode char U+00D4 (decimal 212)
   defining Unicode char U+00D5 (decimal 213)
   defining Unicode char U+00D6 (decimal 214)
   defining Unicode char U+00D8 (decimal 216)
   defining Unicode char U+00D9 (decimal 217)
   defining Unicode char U+00DA (decimal 218)
   defining Unicode char U+00DB (decimal 219)
   defining Unicode char U+00DC (decimal 220)
   defining Unicode char U+00DD (decimal 221)
   defining Unicode char U+00DE (decimal 222)
   defining Unicode char U+00DF (decimal 223)
   defining Unicode char U+00E0 (decimal 224)
   defining Unicode char U+00E1 (decimal 225)
   defining Unicode char U+00E2 (decimal 226)
   defining Unicode char U+00E3 (decimal 227)
   defining Unicode char U+00E4 (decimal 228)
   defining Unicode char U+00E5 (decimal 229)
   defining Unicode char U+00E6 (decimal 230)
   defining Unicode char U+00E7 (decimal 231)
   defining Unicode char U+00E8 (decimal 232)
   defining Unicode char U+00E9 (decimal 233)
   defining Unicode char U+00EA (decimal 234)
   defining Unicode char U+00EB (decimal 235)
   defining Unicode char U+00EC (decimal 236)
   defining Unicode char U+00ED (decimal 237)
   defining Unicode char U+00EE (decimal 238)
   defining Unicode char U+00EF (decimal 239)
   defining Unicode char U+00F0 (decimal 240)
   defining Unicode char U+00F1 (decimal 241)
   defining Unicode char U+00F2 (decimal 242)
   defining Unicode char U+00F3 (decimal 243)
   defining Unicode char U+00F4 (decimal 244)
   defining Unicode char U+00F5 (decimal 245)
   defining Unicode char U+00F6 (decimal 246)
   defining Unicode char U+00F8 (decimal 248)
   defining Unicode char U+00F9 (decimal 249)
   defining Unicode char U+00FA (decimal 250)
   defining Unicode char U+00FB (decimal 251)
   defining Unicode char U+00FC (decimal 252)
   defining Unicode char U+00FD (decimal 253)
   defining Unicode char U+00FE (decimal 254)
   defining Unicode char U+00FF (decimal 255)
   defining Unicode char U+0100 (decimal 256)
   defining Unicode char U+0101 (decimal 257)
   defining Unicode char U+0102 (decimal 258)
   defining Unicode char U+0103 (decimal 259)
   defining Unicode char U+0104 (decimal 260)
   defining Unicode char U+0105 (decimal 261)
   defining Unicode char U+0106 (decimal 262)
   defining Unicode char U+0107 (decimal 263)
   defining Unicode char U+0108 (decimal 264)
   defining Unicode char U+0109 (decimal 265)
   defining Unicode char U+010A (decimal 266)
   defining Unicode char U+010B (decimal 267)
   defining Unicode char U+010C (decimal 268)
   defining Unicode char U+010D (decimal 269)
   defining Unicode char U+010E (decimal 270)
   defining Unicode char U+010F (decimal 271)
   defining Unicode char U+0110 (decimal 272)
   defining Unicode char U+0111 (decimal 273)
   defining Unicode char U+0112 (decimal 274)
   defining Unicode char U+0113 (decimal 275)
   defining Unicode char U+0114 (decimal 276)
   defining Unicode char U+0115 (decimal 277)
   defining Unicode char U+0116 (decimal 278)
   defining Unicode char U+0117 (decimal 279)
   defining Unicode char U+0118 (decimal 280)
   defining Unicode char U+0119 (decimal 281)
   defining Unicode char U+011A (decimal 282)
   defining Unicode char U+011B (decimal 283)
   defining Unicode char U+011C (decimal 284)
   defining Unicode char U+011D (decimal 285)
   defining Unicode char U+011E (decimal 286)
   defining Unicode char U+011F (decimal 287)
   defining Unicode char U+0120 (decimal 288)
   defining Unicode char U+0121 (decimal 289)
   defining Unicode char U+0122 (decimal 290)
   defining Unicode char U+0123 (decimal 291)
   defining Unicode char U+0124 (decimal 292)
   defining Unicode char U+0125 (decimal 293)
   defining Unicode char U+0128 (decimal 296)
   defining Unicode char U+0129 (decimal 297)
   defining Unicode char U+012A (decimal 298)
   defining Unicode char U+012B (decimal 299)
   defining Unicode char U+012C (decimal 300)
   defining Unicode char U+012D (decimal 301)
   defining Unicode char U+012E (decimal 302)
   defining Unicode char U+012F (decimal 303)
   defining Unicode char U+0130 (decimal 304)
   defining Unicode char U+0131 (decimal 305)
   defining Unicode char U+0132 (decimal 306)
   defining Unicode char U+0133 (decimal 307)
   defining Unicode char U+0134 (decimal 308)
   defining Unicode char U+0135 (decimal 309)
   defining Unicode char U+0136 (decimal 310)
   defining Unicode char U+0137 (decimal 311)
   defining Unicode char U+0139 (decimal 313)
   defining Unicode char U+013A (decimal 314)
   defining Unicode char U+013B (decimal 315)
   defining Unicode char U+013C (decimal 316)
   defining Unicode char U+013D (decimal 317)
   defining Unicode char U+013E (decimal 318)
   defining Unicode char U+0141 (decimal 321)
   defining Unicode char U+0142 (decimal 322)
   defining Unicode char U+0143 (decimal 323)
   defining Unicode char U+0144 (decimal 324)
   defining Unicode char U+0145 (decimal 325)
   defining Unicode char U+0146 (decimal 326)
   defining Unicode char U+0147 (decimal 327)
   defining Unicode char U+0148 (decimal 328)
   defining Unicode char U+014A (decimal 330)
   defining Unicode char U+014B (decimal 331)
   defining Unicode char U+014C (decimal 332)
   defining Unicode char U+014D (decimal 333)
   defining Unicode char U+014E (decimal 334)
   defining Unicode char U+014F (decimal 335)
   defining Unicode char U+0150 (decimal 336)
   defining Unicode char U+0151 (decimal 337)
   defining Unicode char U+0152 (decimal 338)
   defining Unicode char U+0153 (decimal 339)
   defining Unicode char U+0154 (decimal 340)
   defining Unicode char U+0155 (decimal 341)
   defining Unicode char U+0156 (decimal 342)
   defining Unicode char U+0157 (decimal 343)
   defining Unicode char U+0158 (decimal 344)
   defining Unicode char U+0159 (decimal 345)
   defining Unicode char U+015A (decimal 346)
   defining Unicode char U+015B (decimal 347)
   defining Unicode char U+015C (decimal 348)
   defining Unicode char U+015D (decimal 349)
   defining Unicode char U+015E (decimal 350)
   defining Unicode char U+015F (decimal 351)
   defining Unicode char U+0160 (decimal 352)
   defining Unicode char U+0161 (decimal 353)
   defining Unicode char U+0162 (decimal 354)
   defining Unicode char U+0163 (decimal 355)
   defining Unicode char U+0164 (decimal 356)
   defining Unicode char U+0165 (decimal 357)
   defining Unicode char U+0168 (decimal 360)
   defining Unicode char U+0169 (decimal 361)
   defining Unicode char U+016A (decimal 362)
   defining Unicode char U+016B (decimal 363)
   defining Unicode char U+016C (decimal 364)
   defining Unicode char U+016D (decimal 365)
   defining Unicode char U+016E (decimal 366)
   defining Unicode char U+016F (decimal 367)
   defining Unicode char U+0170 (decimal 368)
   defining Unicode char U+0171 (decimal 369)
   defining Unicode char U+0172 (decimal 370)
   defining Unicode char U+0173 (decimal 371)
   defining Unicode char U+0174 (decimal 372)
   defining Unicode char U+0175 (decimal 373)
   defining Unicode char U+0176 (decimal 374)
   defining Unicode char U+0177 (decimal 375)
   defining Unicode char U+0178 (decimal 376)
   defining Unicode char U+0179 (decimal 377)
   defining Unicode char U+017A (decimal 378)
   defining Unicode char U+017B (decimal 379)
   defining Unicode char U+017C (decimal 380)
   defining Unicode char U+017D (decimal 381)
   defining Unicode char U+017E (decimal 382)
   defining Unicode char U+01CD (decimal 461)
   defining Unicode char U+01CE (decimal 462)
   defining Unicode char U+01CF (decimal 463)
   defining Unicode char U+01D0 (decimal 464)
   defining Unicode char U+01D1 (decimal 465)
   defining Unicode char U+01D2 (decimal 466)
   defining Unicode char U+01D3 (decimal 467)
   defining Unicode char U+01D4 (decimal 468)
   defining Unicode char U+01E2 (decimal 482)
   defining Unicode char U+01E3 (decimal 483)
   defining Unicode char U+01E6 (decimal 486)
   defining Unicode char U+01E7 (decimal 487)
   defining Unicode char U+01E8 (decimal 488)
   defining Unicode char U+01E9 (decimal 489)
   defining Unicode char U+01EA (decimal 490)
   defining Unicode char U+01EB (decimal 491)
   defining Unicode char U+01F0 (decimal 496)
   defining Unicode char U+01F4 (decimal 500)
   defining Unicode char U+01F5 (decimal 501)
   defining Unicode char U+0218 (decimal 536)
   defining Unicode char U+0219 (decimal 537)
   defining Unicode char U+021A (decimal 538)
   defining Unicode char U+021B (decimal 539)
   defining Unicode char U+1E02 (decimal 7682)
   defining Unicode char U+1E03 (decimal 7683)
   defining Unicode char U+200C (decimal 8204)
   defining Unicode char U+2010 (decimal 8208)
   defining Unicode char U+2011 (decimal 8209)
   defining Unicode char U+2012 (decimal 8210)
   defining Unicode char U+2013 (decimal 8211)
   defining Unicode char U+2014 (decimal 8212)
   defining Unicode char U+2015 (decimal 8213)
   defining Unicode char U+2018 (decimal 8216)
   defining Unicode char U+2019 (decimal 8217)
   defining Unicode char U+201A (decimal 8218)
   defining Unicode char U+201C (decimal 8220)
   defining Unicode char U+201D (decimal 8221)
   defining Unicode char U+201E (decimal 8222)
   defining Unicode char U+2030 (decimal 8240)
   defining Unicode char U+2031 (decimal 8241)
   defining Unicode char U+2039 (decimal 8249)
   defining Unicode char U+203A (decimal 8250)
   defining Unicode char U+2423 (decimal 9251)
)
Now handling font encoding OT1 ...
... processing UTF-8 mapping file for font encoding OT1

(/usr/share/texmf-dist/tex/latex/base/ot1enc.dfu
File: ot1enc.dfu 2016/02/28 v1.1s UTF-8 support for inputenc
   defining Unicode char U+00A0 (decimal 160)
   defining Unicode char U+00A1 (decimal 161)
   defining Unicode char U+00A3 (decimal 163)
   defining Unicode char U+00AD (decimal 173)
   defining Unicode char U+00B8 (decimal 184)
   defining Unicode char U+00BF (decimal 191)
   defining Unicode char U+00C5 (decimal 197)
   defining Unicode char U+00C6 (decimal 198)
   defining Unicode char U+00D8 (decimal 216)
   defining Unicode char U+00DF (decimal 223)
   defining Unicode char U+00E6 (decimal 230)
   defining Unicode char U+00EC (decimal 236)
   defining Unicode char U+00ED (decimal 237)
   defining Unicode char U+00EE (decimal 238)
   defining Unicode char U+00EF (decimal 239)
   defining Unicode char U+00F8 (decimal 248)
   defining Unicode char U+0131 (decimal 305)
   defining Unicode char U+0141 (decimal 321)
   defining Unicode char U+0142 (decimal 322)
   defining Unicode char U+0152 (decimal 338)
   defining Unicode char U+0153 (decimal 339)
   defining Unicode char U+0174 (decimal 372)
   defining Unicode char U+0175 (decimal 373)
   defining Unicode char U+0176 (decimal 374)
   defining Unicode char U+0177 (decimal 375)
   defining Unicode char U+0218 (decimal 536)
   defining Unicode char U+0219 (decimal 537)
   defining Unicode char U+021A (decimal 538)
   defining Unicode char U+021B (decimal 539)
   defining Unicode char U+2013 (decimal 8211)
   defining Unicode char U+2014 (decimal 8212)
   defining Unicode char U+2018 (decimal 8216)
   defining Unicode char U+2019 (decimal 8217)
   defining Unicode char U+201C (decimal 8220)
   defining Unicode char U+201D (decimal 8221)
)
Now handling font encoding OMS ...
... processing UTF-8 mapping file for font encoding OMS

(/usr/share/texmf-dist/tex/latex/base/omsenc.dfu
File: omsenc.dfu 2016/02/28 v1.1s UTF-8 support for inputenc
   defining Unicode char U+00A7 (decimal 167)
   defining Unicode char U+00B6 (decimal 182)
   defining Unicode char U+00B7 (decimal 183)
   defining Unicode char U+2020 (decimal 8224)
   defining Unicode char U+2021 (decimal 8225)
   defining Unicode char U+2022 (decimal 8226)
)
Now handling font encoding OMX ...
... no UTF-8 mapping file for font encoding OMX
Now handling font encoding U ...
... no UTF-8 mapping file for font encoding U
   defining Unicode char U+00A9 (decimal 169)
   defining Unicode char U+00AA (decimal 170)
   defining Unicode char U+00AE (decimal 174)
   defining Unicode char U+00BA (decimal 186)
   defining Unicode char U+02C6 (decimal 710)
   defining Unicode char U+02DC (decimal 732)
   defining Unicode char U+200C (decimal 8204)
   defining Unicode char U+2026 (decimal 8230)
   defining Unicode char U+2122 (decimal 8482)
   defining Unicode char U+2423 (decimal 9251)
))
(/usr/share/texmf-dist/tex/latex/listings/lstlang1.sty
File: lstlang1.sty 2015/06/04 1.6 listings language file
)
(/usr/share/texmf-dist/tex/latex/listings/lstlang2.sty
File: lstlang2.sty 2015/06/04 1.6 listings language file
)
(/usr/share/texmf-dist/tex/latex/listings/lstlang3.sty
File: lstlang3.sty 2015/06/04 1.6 listings language file
)
(/usr/share/texmf-dist/tex/latex/koma-script/scrextend.sty
Package: scrextend 2016/06/14 v3.21 KOMA-Script package (extend other classes w
ith features of KOMA-Script classes)

(/usr/share/texmf-dist/tex/latex/koma-script/scrkbase.sty
Package: scrkbase 2016/06/14 v3.21 KOMA-Script package (KOMA-Script-dependent b
asics and keyval usage)

(/usr/share/texmf-dist/tex/latex/koma-script/scrbase.sty
Package: scrbase 2016/06/14 v3.21 KOMA-Script package (KOMA-Script-independent 
basics and keyval usage)

(/usr/share/texmf-dist/tex/latex/koma-script/scrlfile.sty
Package: scrlfile 2016/06/14 v3.21 KOMA-Script package (loading files)

Package scrlfile, 2016/06/14 v3.21 KOMA-Script package (loading files)
                  Copyright (C) Markus Kohm

)))
LaTeX Info: Redefining \textsubscript on input line 1293.
) (/usr/share/texmf-dist/tex/latex/hyperref/hyperref.sty
Package: hyperref 2016/06/24 v6.83q Hypertext links for LaTeX

(/usr/share/texmf-dist/tex/generic/oberdiek/hobsub-hyperref.sty
Package: hobsub-hyperref 2016/05/16 v1.14 Bundle oberdiek, subset hyperref (HO)


(/usr/share/texmf-dist/tex/generic/oberdiek/hobsub-generic.sty
Package: hobsub-generic 2016/05/16 v1.14 Bundle oberdiek, subset generic (HO)
Package: hobsub 2016/05/16 v1.14 Construct package bundles (HO)
Package hobsub Info: Skipping package `infwarerr' (already loaded).
Package hobsub Info: Skipping package `ltxcmds' (already loaded).
Package: ifluatex 2016/05/16 v1.4 Provides the ifluatex switch (HO)
Package ifluatex Info: LuaTeX not detected.
Package: ifvtex 2016/05/16 v1.6 Detect VTeX and its facilities (HO)
Package ifvtex Info: VTeX not detected.
Package: intcalc 2016/05/16 v1.2 Expandable calculations with integers (HO)
Package: ifpdf 2016/05/14 v3.1 Provides the ifpdf switch
Package: etexcmds 2016/05/16 v1.6 Avoid name clashes with e-TeX commands (HO)
Package etexcmds Info: Could not find \expanded.
(etexcmds)             That can mean that you are not using pdfTeX 1.50 or
(etexcmds)             that some package has redefined \expanded.
(etexcmds)             In the latter case, load this package earlier.
Package: kvsetkeys 2016/05/16 v1.17 Key value parser (HO)
Package: kvdefinekeys 2016/05/16 v1.4 Define keys (HO)
Package: pdftexcmds 2016/05/21 v0.22 Utility functions of pdfTeX for LuaTeX (HO
)
Package pdftexcmds Info: LuaTeX not detected.
Package pdftexcmds Info: \pdf@primitive is available.
Package pdftexcmds Info: \pdf@ifprimitive is available.
Package pdftexcmds Info: \pdfdraftmode found.
Package: pdfescape 2016/05/16 v1.14 Implements pdfTeX's escape features (HO)
Package: bigintcalc 2016/05/16 v1.4 Expandable calculations on big integers (HO
)
Package: bitset 2016/05/16 v1.2 Handle bit-vector datatype (HO)
Package: uniquecounter 2016/05/16 v1.3 Provide unlimited unique counter (HO)
)
Package hobsub Info: Skipping package `hobsub' (already loaded).
Package: letltxmacro 2016/05/16 v1.5 Let assignment for LaTeX macros (HO)
Package: hopatch 2016/05/16 v1.3 Wrapper for package hooks (HO)
Package: xcolor-patch 2016/05/16 xcolor patch
Package: atveryend 2016/05/16 v1.9 Hooks at the very end of document (HO)
Package atveryend Info: \enddocument detected (standard20110627).
Package: atbegshi 2016/06/09 v1.18 At begin shipout hook (HO)
Package: refcount 2016/05/16 v3.5 Data extraction from label references (HO)
Package: hycolor 2016/05/16 v1.8 Color options for hyperref/bookmark (HO)
)
(/usr/share/texmf-dist/tex/generic/ifxetex/ifxetex.sty
Package: ifxetex 2010/09/12 v0.6 Provides ifxetex conditional
)
(/usr/share/texmf-dist/tex/latex/oberdiek/auxhook.sty
Package: auxhook 2016/05/16 v1.4 Hooks for auxiliary files (HO)
)
(/usr/share/texmf-dist/tex/latex/oberdiek/kvoptions.sty
Package: kvoptions 2016/05/16 v3.12 Key value format for package options (HO)
)
\@linkdim=\dimen131
\Hy@linkcounter=\count125
\Hy@pagecounter=\count126

(/usr/share/texmf-dist/tex/latex/hyperref/pd1enc.def
File: pd1enc.def 2016/06/24 v6.83q Hyperref: PDFDocEncoding definition (HO)
Now handling font encoding PD1 ...
... no UTF-8 mapping file for font encoding PD1
)
\Hy@SavedSpaceFactor=\count127

(/usr/share/texmf-dist/tex/latex/latexconfig/hyperref.cfg
File: hyperref.cfg 2002/06/06 v1.2 hyperref configuration of TeXLive
)
Package hyperref Info: Hyper figures OFF on input line 4486.
Package hyperref Info: Link nesting OFF on input line 4491.
Package hyperref Info: Hyper index ON on input line 4494.
Package hyperref Info: Plain pages OFF on input line 4501.
Package hyperref Info: Backreferencing OFF on input line 4506.
Package hyperref Info: Implicit mode ON; LaTeX internals redefined.
Package hyperref Info: Bookmarks ON on input line 4735.
\c@Hy@tempcnt=\count128

(/usr/share/texmf-dist/tex/latex/url/url.sty
\Urlmuskip=\muskip10
Package: url 2013/09/16  ver 3.4  Verb mode for urls, etc.
)
LaTeX Info: Redefining \url on input line 5088.
\XeTeXLinkMargin=\dimen132
\Fld@menulength=\count129
\Field@Width=\dimen133
\Fld@charsize=\dimen134
Package hyperref Info: Hyper figures OFF on input line 6342.
Package hyperref Info: Link nesting OFF on input line 6347.
Package hyperref Info: Hyper index ON on input line 6350.
Package hyperref Info: backreferencing OFF on input line 6357.
Package hyperref Info: Link coloring OFF on input line 6362.
Package hyperref Info: Link coloring with OCG OFF on input line 6367.
Package hyperref Info: PDF/A mode OFF on input line 6372.
LaTeX Info: Redefining \ref on input line 6412.
LaTeX Info: Redefining \pageref on input line 6416.
\Hy@abspage=\count130
\c@Item=\count131
\c@Hfootnote=\count132
)

Package hyperref Message: Driver (autodetected): hpdftex.

(/usr/share/texmf-dist/tex/latex/hyperref/hpdftex.def
File: hpdftex.def 2016/06/24 v6.83q Hyperref driver for pdfTeX
\Fld@listcount=\count133
\c@bookmark@seq@number=\count134

(/usr/share/texmf-dist/tex/latex/oberdiek/rerunfilecheck.sty
Package: rerunfilecheck 2016/05/16 v1.8 Rerun checks for auxiliary files (HO)
Package uniquecounter Info: New unique counter `rerunfilecheck' on input line 2
82.
)
\Hy@SectionHShift=\skip45
)
Package hyperref Info: Option `colorlinks' set `true' on input line 18.

(/usr/share/texmf-dist/tex/latex/pdfpages/pdfpages.sty
Package: pdfpages 2016/04/19 v0.5f Insert pages of external PDF documents (AM)

(/usr/share/texmf-dist/tex/latex/base/ifthen.sty
Package: ifthen 2014/09/29 v1.1c Standard LaTeX ifthen package (DPC)
)
(/usr/share/texmf-dist/tex/latex/tools/calc.sty
Package: calc 2014/10/28 v4.3 Infix arithmetic (KKT,FJ)
\calc@Acount=\count135
\calc@Bcount=\count136
\calc@Adimen=\dimen135
\calc@Bdimen=\dimen136
\calc@Askip=\skip46
\calc@Bskip=\skip47
LaTeX Info: Redefining \setlength on input line 80.
LaTeX Info: Redefining \addtolength on input line 81.
\calc@Ccount=\count137
\calc@Cskip=\skip48
)
(/usr/share/texmf-dist/tex/latex/eso-pic/eso-pic.sty
Package: eso-pic 2015/07/21 v2.0g eso-pic (RN)
)
\AM@pagewidth=\dimen137
\AM@pageheight=\dimen138

(/usr/share/texmf-dist/tex/latex/pdfpages/pppdftex.def
File: pppdftex.def 2016/04/19 v0.5f Pdfpages driver for pdfTeX (AM)
)
\AM@pagebox=\box56
\AM@global@opts=\toks22
\AM@toc@title=\toks23
\c@AM@survey=\count138
\AM@templatesizebox=\box57
) (./report.aux

LaTeX Warning: Label `co:1' multiply defined.


LaTeX Warning: Label `alu:1' multiply defined.

)
\openout1 = `report.aux'.

LaTeX Font Info:    Checking defaults for OML/cmm/m/it on input line 22.
LaTeX Font Info:    ... okay on input line 22.
LaTeX Font Info:    Checking defaults for T1/cmr/m/n on input line 22.
LaTeX Font Info:    ... okay on input line 22.
LaTeX Font Info:    Checking defaults for OT1/cmr/m/n on input line 22.
LaTeX Font Info:    ... okay on input line 22.
LaTeX Font Info:    Checking defaults for OMS/cmsy/m/n on input line 22.
LaTeX Font Info:    ... okay on input line 22.
LaTeX Font Info:    Checking defaults for OMX/cmex/m/n on input line 22.
LaTeX Font Info:    ... okay on input line 22.
LaTeX Font Info:    Checking defaults for U/cmr/m/n on input line 22.
LaTeX Font Info:    ... okay on input line 22.
LaTeX Font Info:    Checking defaults for PD1/pdf/m/n on input line 22.
LaTeX Font Info:    ... okay on input line 22.
 (/usr/share/texmf-dist/tex/context/base/mkii/supp-pdf.mkii
[Loading MPS to PDF converter (version 2006.09.02).]
\scratchcounter=\count139
\scratchdimen=\dimen139
\scratchbox=\box58
\nofMPsegments=\count140
\nofMParguments=\count141
\everyMPshowfont=\toks24
\MPscratchCnt=\count142
\MPscratchDim=\dimen140
\MPnumerator=\count143
\makeMPintoPDFobject=\count144
\everyMPtoPDFconversion=\toks25
) (/usr/share/texmf-dist/tex/latex/oberdiek/epstopdf-base.sty
Package: epstopdf-base 2016/05/15 v2.6 Base part for package epstopdf

(/usr/share/texmf-dist/tex/latex/oberdiek/grfext.sty
Package: grfext 2016/05/16 v1.2 Manage graphics extensions (HO)
)
Package epstopdf-base Info: Redefining graphics rule for `.eps' on input line 4
38.
Package grfext Info: Graphics extension search list:
(grfext)             [.png,.pdf,.jpg,.mps,.jpeg,.jbig2,.jb2,.PNG,.PDF,.JPG,.JPE
G,.JBIG2,.JB2,.eps]
(grfext)             \AppendGraphicsExtensions on input line 456.

(/usr/share/texmf-dist/tex/latex/latexconfig/epstopdf-sys.cfg
File: epstopdf-sys.cfg 2010/07/13 v1.3 Configuration of (r)epstopdf for TeX Liv
e
))
\c@lstlisting=\count145
\AtBeginShipoutBox=\box59
Package hyperref Info: Link coloring ON on input line 22.

(/usr/share/texmf-dist/tex/latex/hyperref/nameref.sty
Package: nameref 2016/05/21 v2.44 Cross-referencing by name of section

(/usr/share/texmf-dist/tex/generic/oberdiek/gettitlestring.sty
Package: gettitlestring 2016/05/16 v1.5 Cleanup title references (HO)
)
\c@section@level=\count146
)
LaTeX Info: Redefining \ref on input line 22.
LaTeX Info: Redefining \pageref on input line 22.
LaTeX Info: Redefining \nameref on input line 22.
 (./report.out) (./report.out)
\@outlinefile=\write3
\openout3 = `report.out'.

 (/usr/share/texmf-dist/tex/latex/oberdiek/pdflscape.sty
Package: pdflscape 2016/05/14 v0.11 Display of landscape pages in PDF (HO)

(/usr/share/texmf-dist/tex/latex/graphics/lscape.sty
Package: lscape 2000/10/22 v3.01 Landscape Pages (DPC)
)
Package pdflscape Info: Auto-detected driver: pdftex on input line 81.
)
LaTeX Font Info:    External font `cmex10' loaded for size
(Font)              <7> on input line 30.
LaTeX Font Info:    External font `cmex10' loaded for size
(Font)              <5> on input line 30.

<mips.png, id=265, 682.55pt x 441.65pt>
File: mips.png Graphic file (type png)
 <use mips.png>
Package pdftex.def Info: mips.png used on input line 43.
(pdftex.def)             Requested size: 409.53316pt x 264.99203pt.

Overfull \hbox (5.18732pt too wide) in paragraph at lines 42--44
[]\OT1/cmr/m/n/10 [[]] [] 
 []

[1

{/var/lib/texmf/fonts/map/pdftex/updmap/pdftex.map} <./mips.png>]
(./report.toc [2

])
\tf@toc=\write4
\openout4 = `report.toc'.

 [3] [4] [5] [6]
<images/onebitalu.png, id=389, 750.805pt x 618.31pt>
File: images/onebitalu.png Graphic file (type png)

<use images/onebitalu.png>
Package pdftex.def Info: images/onebitalu.png used on input line 138.
(pdftex.def)             Requested size: 300.31668pt x 247.31961pt.
 [7 <./images/onebitalu.png>] (../MIPSProcessor.v
[8]) (../tests/MIPSProcessor_tb.v [9]
LaTeX Font Info:    Try loading font information for OML+cmr on input line 25.

(/usr/share/texmf-dist/tex/latex/base/omlcmr.fd
File: omlcmr.fd 2014/09/29 v2.5h Standard LaTeX font definitions
)
LaTeX Font Info:    Font shape `OML/cmr/m/n' in size <9> not available
(Font)              Font shape `OML/cmm/m/it' tried instead on input line 25.
)
<images/mipstb.png, id=479, 2497.33pt x 214.8025pt>
File: images/mipstb.png Graphic file (type png)
 <use images/mipstb.png>
Package pdftex.def Info: images/mipstb.png used on input line 154.
(pdftex.def)             Requested size: 499.45715pt x 42.95973pt.

Overfull \hbox (152.33362pt too wide) in paragraph at lines 154--155
[] 
 []

<../Screenshots/IF.PNG, id=480, 243.15843pt x 147.55125pt>
File: ../Screenshots/IF.PNG Graphic file (type png)

<use ../Screenshots/IF.PNG>
Package pdftex.def Info: ../Screenshots/IF.PNG used on input line 163.
(pdftex.def)             Requested size: 145.89618pt x 88.53142pt.
 [10 <./images/mipstb.png>]
<../Screenshots/IF_tb.PNG, id=508, 565.36218pt x 206.27063pt>
File: ../Screenshots/IF_tb.PNG Graphic file (type png)

<use ../Screenshots/IF_tb.PNG>
Package pdftex.def Info: ../Screenshots/IF_tb.PNG used on input line 167.
(pdftex.def)             Requested size: 339.21992pt x 123.76332pt.

<../Screenshots/IF_Waveform.PNG, id=509, 700.11563pt x 96.36pt>
File: ../Screenshots/IF_Waveform.PNG Graphic file (type png)

<use ../Screenshots/IF_Waveform.PNG>
Package pdftex.def Info: ../Screenshots/IF_Waveform.PNG used on input line 168.

(pdftex.def)             Requested size: 420.07262pt x 57.81642pt.

Overfull \hbox (2.94897pt too wide) in paragraph at lines 167--169
[]  
 []

<../Screenshots/ID.PNG, id=510, 626.34pt x 534.49687pt>
File: ../Screenshots/ID.PNG Graphic file (type png)

<use ../Screenshots/ID.PNG>
Package pdftex.def Info: ../Screenshots/ID.PNG used on input line 174.
(pdftex.def)             Requested size: 375.80688pt x 320.70059pt.
 [11 <../Screenshots/IF.PNG> <../Screenshots/IF_tb.PNG> <../Screenshots/IF_Wave
form.PNG>]
<../Screenshots/ID_tb.PNG, id=518, 718.93594pt x 483.30562pt>
File: ../Screenshots/ID_tb.PNG Graphic file (type png)

<use ../Screenshots/ID_tb.PNG>
Package pdftex.def Info: ../Screenshots/ID_tb.PNG used on input line 178.
(pdftex.def)             Requested size: 431.3649pt x 289.98561pt.

<../Screenshots/ID_Waveform.PNG, id=519, 771.63281pt x 319.1925pt>
File: ../Screenshots/ID_Waveform.PNG Graphic file (type png)

<use ../Screenshots/ID_Waveform.PNG>
Package pdftex.def Info: ../Screenshots/ID_Waveform.PNG used on input line 179.

(pdftex.def)             Requested size: 462.98326pt x 191.51697pt.

Overfull \hbox (14.24126pt too wide) in paragraph at lines 178--180
[] 
 []


Overfull \hbox (45.85962pt too wide) in paragraph at lines 178--180
[]  
 []

[12 <../Screenshots/ID.PNG>]
<../Screenshots/EX.PNG, id=525, 603.75563pt x 728.7225pt>
File: ../Screenshots/EX.PNG Graphic file (type png)

<use ../Screenshots/EX.PNG>
Package pdftex.def Info: ../Screenshots/EX.PNG used on input line 185.
(pdftex.def)             Requested size: 362.25616pt x 437.23688pt.
 [13 <../Screenshots/ID_tb.PNG> <../Screenshots/ID_Waveform.PNG>] <../Screensho
ts/EX_tb.PNG, id=533, 726.46407pt x 243.91125pt>
File: ../Screenshots/EX_tb.PNG Graphic file (type png)

<use ../Screenshots/EX_tb.PNG>
Package pdftex.def Info: ../Screenshots/EX_tb.PNG used on input line 189.
(pdftex.def)             Requested size: 435.8818pt x 146.34787pt.

<../Screenshots/EX_Waveform.PNG, id=534, 705.38531pt x 299.61937pt>
File: ../Screenshots/EX_Waveform.PNG Graphic file (type png)

<use ../Screenshots/EX_Waveform.PNG>
Package pdftex.def Info: ../Screenshots/EX_Waveform.PNG used on input line 190.

(pdftex.def)             Requested size: 423.23445pt x 179.77301pt.

Overfull \hbox (18.75816pt too wide) in paragraph at lines 189--191
[] 
 []


Overfull \hbox (6.11081pt too wide) in paragraph at lines 189--191
[]  
 []

[14 <../Screenshots/EX.PNG>]
<../Screenshots/MEM.PNG, id=540, 552.56438pt x 378.66469pt>
File: ../Screenshots/MEM.PNG Graphic file (type png)

<use ../Screenshots/MEM.PNG>
Package pdftex.def Info: ../Screenshots/MEM.PNG used on input line 196.
(pdftex.def)             Requested size: 331.54118pt x 227.20056pt.
 [15 <../Screenshots/EX_tb.PNG> <../Screenshots/EX_Waveform.PNG>] <../Screensho
ts/MEM_tb.PNG, id=547, 727.96968pt x 395.22656pt>
File: ../Screenshots/MEM_tb.PNG Graphic file (type png)

<use ../Screenshots/MEM_tb.PNG>
Package pdftex.def Info: ../Screenshots/MEM_tb.PNG used on input line 200.
(pdftex.def)             Requested size: 436.78519pt x 237.13776pt.

<../Screenshots/MEM_Waveform.PNG, id=548, 757.32938pt x 156.585pt>
File: ../Screenshots/MEM_Waveform.PNG Graphic file (type png)

<use ../Screenshots/MEM_Waveform.PNG>
Package pdftex.def Info: ../Screenshots/MEM_Waveform.PNG used on input line 201
.
(pdftex.def)             Requested size: 454.40114pt x 93.95172pt.

Overfull \hbox (19.66154pt too wide) in paragraph at lines 200--202
[] 
 []


Overfull \hbox (37.2775pt too wide) in paragraph at lines 200--202
[]  
 []

[16 <../Screenshots/MEM.PNG>]
<../Screenshots/WB.PNG, id=554, 410.2828pt x 356.0803pt>
File: ../Screenshots/WB.PNG Graphic file (type png)

<use ../Screenshots/WB.PNG>
Package pdftex.def Info: ../Screenshots/WB.PNG used on input line 207.
(pdftex.def)             Requested size: 246.17157pt x 213.64983pt.
 [17 <../Screenshots/MEM_tb.PNG> <../Screenshots/MEM_Waveform.PNG>] <../Screens
hots/WB_tb.PNG, id=561, 730.98094pt x 338.76563pt>
File: ../Screenshots/WB_tb.PNG Graphic file (type png)

<use ../Screenshots/WB_tb.PNG>
Package pdftex.def Info: ../Screenshots/WB_tb.PNG used on input line 211.
(pdftex.def)             Requested size: 438.59195pt x 203.26093pt.

<../Screenshots/WB_Waveform.PNG, id=562, 774.64406pt x 155.07938pt>
File: ../Screenshots/WB_Waveform.PNG Graphic file (type png)

<use ../Screenshots/WB_Waveform.PNG>
Package pdftex.def Info: ../Screenshots/WB_Waveform.PNG used on input line 212.

(pdftex.def)             Requested size: 464.79002pt x 93.04832pt.

Overfull \hbox (21.4683pt too wide) in paragraph at lines 211--213
[] 
 []


Overfull \hbox (47.66638pt too wide) in paragraph at lines 211--213
[]  
 []

[18 <../Screenshots/WB.PNG>] (../dataMemory.v
LaTeX Font Info:    External font `cmex10' loaded for size
(Font)              <9> on input line 2.
LaTeX Font Info:    External font `cmex10' loaded for size
(Font)              <6> on input line 2.
LaTeX Font Info:    Try loading font information for OMS+cmr on input line 17.

(/usr/share/texmf-dist/tex/latex/base/omscmr.fd
File: omscmr.fd 2014/09/29 v2.5h Standard LaTeX font definitions
)
LaTeX Font Info:    Font shape `OMS/cmr/m/n' in size <9> not available
(Font)              Font shape `OMS/cmsy/m/n' tried instead on input line 17.
 [19 <../Screenshots/WB_tb.PNG> <../Screenshots/WB_Waveform.PNG>]) (../tests/Da
taMemory_tb.v [20])
<images/datamemory.png, id=633, 1650.165pt x 485.815pt>
File: images/datamemory.png Graphic file (type png)

<use images/datamemory.png>
Package pdftex.def Info: images/datamemory.png used on input line 228.
(pdftex.def)             Requested size: 330.02715pt x 97.16127pt.
 (../InstructionMemory.v [21 <./images/datamemory.png>]) (../InstructionMemory.
v)
<images/instmemory.png, id=661, 1648.1575pt x 349.305pt>
File: images/instmemory.png Graphic file (type png)

<use images/instmemory.png>
Package pdftex.def Info: images/instmemory.png used on input line 242.
(pdftex.def)             Requested size: 329.62566pt x 69.85976pt.
 (../control.v [22 <./images/instmemory.png>])
<../Homework5.pdf, id=704, 614.295pt x 794.97pt>
File: ../Homework5.pdf Graphic file (type pdf)
 <use ../Homework5.pdf>
Package pdftex.def Info: ../Homework5.pdf used on input line 250.
(pdftex.def)             Requested size: 614.29349pt x 794.96806pt.
File: ../Homework5.pdf Graphic file (type pdf)

<use ../Homework5.pdf>
Package pdftex.def Info: ../Homework5.pdf used on input line 250.
(pdftex.def)             Requested size: 614.29349pt x 794.96806pt.

<../Homework5.pdf, id=707, page=8, 614.295pt x 794.97pt>
File: ../Homework5.pdf Graphic file (type pdf)

<use ../Homework5.pdf, page 8>
Package pdftex.def Info: ../Homework5.pdf, page8 used on input line 250.
(pdftex.def)             Requested size: 614.29349pt x 794.96806pt.
File: ../Homework5.pdf Graphic file (type pdf)
 <use ../Homework5.pdf, page 8>
Package pdftex.def Info: ../Homework5.pdf, page8 used on input line 250.
(pdftex.def)             Requested size: 614.58406pt x 795.3441pt.
 [23]
File: ../Homework5.pdf Graphic file (type pdf)

<use ../Homework5.pdf, page 8>
Package pdftex.def Info: ../Homework5.pdf, page8 used on input line 250.
(pdftex.def)             Requested size: 614.58406pt x 795.3441pt.
File: ../Homework5.pdf Graphic file (type pdf)
 <use ../Homework5.pdf, page 8>
Package pdftex.def Info: ../Homework5.pdf, page8 used on input line 250.
(pdftex.def)             Requested size: 614.58406pt x 795.3441pt.
File: ../Homework5.pdf Graphic file (type pdf)

<use ../Homework5.pdf, page 8>
Package pdftex.def Info: ../Homework5.pdf, page8 used on input line 250.
(pdftex.def)             Requested size: 614.58406pt x 795.3441pt.
 [24 <../Homework5.pdf>]
<images/l.png, id=743, 1405.25pt x 1531.7225pt>
File: images/l.png Graphic file (type png)
 <use images/l.png>
Package pdftex.def Info: images/l.png used on input line 255.
(pdftex.def)             Requested size: 421.57826pt x 459.5203pt.

Overfull \hbox (74.45473pt too wide) in paragraph at lines 255--256
[] 
 []

File: ../Homework5.pdf Graphic file (type pdf)
<use ../Homework5.pdf>
Package pdftex.def Info: ../Homework5.pdf used on input line 258.
(pdftex.def)             Requested size: 614.29349pt x 794.96806pt.
File: ../Homework5.pdf Graphic file (type pdf)
 <use ../Homework5.pdf>
Package pdftex.def Info: ../Homework5.pdf used on input line 258.
(pdftex.def)             Requested size: 614.29349pt x 794.96806pt.

<../Homework5.pdf, id=746, page=2, 614.295pt x 794.97pt>
File: ../Homework5.pdf Graphic file (type pdf)

<use ../Homework5.pdf, page 2>
Package pdftex.def Info: ../Homework5.pdf, page2 used on input line 258.
(pdftex.def)             Requested size: 614.29349pt x 794.96806pt.
File: ../Homework5.pdf Graphic file (type pdf)
 <use ../Homework5.pdf, page 2>
Package pdftex.def Info: ../Homework5.pdf, page2 used on input line 258.
(pdftex.def)             Requested size: 614.58406pt x 795.3441pt.
 [25 <./images/l.png>]
File: ../Homework5.pdf Graphic file (type pdf)
 <use ../Homework5.pdf, page 2>
Package pdftex.def Info: ../Homework5.pdf, page2 used on input line 258.
(pdftex.def)             Requested size: 614.58406pt x 795.3441pt.
File: ../Homework5.pdf Graphic file (type pdf)
 <use ../Homework5.pdf, page 2>
Package pdftex.def Info: ../Homework5.pdf, page2 used on input line 258.
(pdftex.def)             Requested size: 614.58406pt x 795.3441pt.
File: ../Homework5.pdf Graphic file (type pdf)

<use ../Homework5.pdf, page 2>
Package pdftex.def Info: ../Homework5.pdf, page2 used on input line 258.
(pdftex.def)             Requested size: 614.58406pt x 795.3441pt.
 [26 <../Homework5.pdf>] (../registerFile.v)
File: ../Homework5.pdf Graphic file (type pdf)

<use ../Homework5.pdf>
Package pdftex.def Info: ../Homework5.pdf used on input line 266.
(pdftex.def)             Requested size: 614.29349pt x 794.96806pt.
File: ../Homework5.pdf Graphic file (type pdf)
 <use ../Homework5.pdf>
Package pdftex.def Info: ../Homework5.pdf used on input line 266.
(pdftex.def)             Requested size: 614.29349pt x 794.96806pt.

<../Homework5.pdf, id=763, page=5, 614.295pt x 794.97pt>
File: ../Homework5.pdf Graphic file (type pdf)

<use ../Homework5.pdf, page 5>
Package pdftex.def Info: ../Homework5.pdf, page5 used on input line 266.
(pdftex.def)             Requested size: 614.29349pt x 794.96806pt.
File: ../Homework5.pdf Graphic file (type pdf)
 <use ../Homework5.pdf, page 5>
Package pdftex.def Info: ../Homework5.pdf, page5 used on input line 266.
(pdftex.def)             Requested size: 614.58406pt x 795.3441pt.
 [27]
File: ../Homework5.pdf Graphic file (type pdf)

<use ../Homework5.pdf, page 5>
Package pdftex.def Info: ../Homework5.pdf, page5 used on input line 266.
(pdftex.def)             Requested size: 614.58406pt x 795.3441pt.
File: ../Homework5.pdf Graphic file (type pdf)
 <use ../Homework5.pdf, page 5>
Package pdftex.def Info: ../Homework5.pdf, page5 used on input line 266.
(pdftex.def)             Requested size: 614.58406pt x 795.3441pt.
File: ../Homework5.pdf Graphic file (type pdf)

<use ../Homework5.pdf, page 5>
Package pdftex.def Info: ../Homework5.pdf, page5 used on input line 266.
(pdftex.def)             Requested size: 614.58406pt x 795.3441pt.
 [28 <../Homework5.pdf>]
File: ../Homework5.pdf Graphic file (type pdf)
 <use ../Homework5.pdf>
Package pdftex.def Info: ../Homework5.pdf used on input line 268.
(pdftex.def)             Requested size: 614.29349pt x 794.96806pt.
File: ../Homework5.pdf Graphic file (type pdf)

<use ../Homework5.pdf>
Package pdftex.def Info: ../Homework5.pdf used on input line 268.
(pdftex.def)             Requested size: 614.29349pt x 794.96806pt.

<../Homework5.pdf, id=810, page=3, 614.295pt x 794.97pt>
File: ../Homework5.pdf Graphic file (type pdf)

<use ../Homework5.pdf, page 3>
Package pdftex.def Info: ../Homework5.pdf, page3 used on input line 268.
(pdftex.def)             Requested size: 614.29349pt x 794.96806pt.
File: ../Homework5.pdf Graphic file (type pdf)
 <use ../Homework5.pdf, page 3>
Package pdftex.def Info: ../Homework5.pdf, page3 used on input line 268.
(pdftex.def)             Requested size: 614.58406pt x 795.3441pt.
 [29]
File: ../Homework5.pdf Graphic file (type pdf)

<use ../Homework5.pdf, page 3>
Package pdftex.def Info: ../Homework5.pdf, page3 used on input line 268.
(pdftex.def)             Requested size: 614.58406pt x 795.3441pt.
File: ../Homework5.pdf Graphic file (type pdf)
 <use ../Homework5.pdf, page 3>
Package pdftex.def Info: ../Homework5.pdf, page3 used on input line 268.
(pdftex.def)             Requested size: 614.58406pt x 795.3441pt.
File: ../Homework5.pdf Graphic file (type pdf)

<use ../Homework5.pdf, page 3>
Package pdftex.def Info: ../Homework5.pdf, page3 used on input line 268.
(pdftex.def)             Requested size: 614.58406pt x 795.3441pt.
 [30 <../Homework5.pdf>]
<images/aluoptoc.png, id=822, 1650.165pt x 401.5pt>
File: images/aluoptoc.png Graphic file (type png)
 <use images/aluoptoc.png>
Package pdftex.def Info: images/aluoptoc.png used on input line 269.
(pdftex.def)             Requested size: 330.02715pt x 80.29857pt.

(../ALU32Bit.v
LaTeX Font Info:    Font shape `OMS/cmr/m/it' in size <9> not available
(Font)              Font shape `OMS/cmsy/m/n' tried instead on input line 15.
 [31 <./images/aluoptoc.png>]) (../tests/ALU32_tb.v)
<images/32BitALU_tb.png, id=866, 1899.095pt x 441.65pt>
File: images/32BitALU_tb.png Graphic file (type png)

<use images/32BitALU_tb.png>
Package pdftex.def Info: images/32BitALU_tb.png used on input line 279.
(pdftex.def)             Requested size: 379.81227pt x 88.32843pt.

Overfull \hbox (32.68874pt too wide) in paragraph at lines 279--280
[] 
 []

(../ALU16.v [32 <./images/32BitALU_tb.png>]) (../tests/ALU16_tb.v [33])
(../fourbitALU.v [34]) (../tests/FourBitALU_tb.v [35])
<images/4bitaluTB.png, id=1026, 1654.18pt x 489.83pt>
File: images/4bitaluTB.png Graphic file (type png)

<use images/4bitaluTB.png>
Package pdftex.def Info: images/4bitaluTB.png used on input line 306.
(pdftex.def)             Requested size: 330.83014pt x 97.96426pt.
 (../CLA.v
Overfull \hbox (97.87813pt too wide) in paragraph at lines 3--4
[][][][][] 
 []


Overfull \hbox (112.32811pt too wide) in paragraph at lines 3--4
[][] 
 []


Overfull \hbox (178.92833pt too wide) in paragraph at lines 3--4
[][] 
 []


Overfull \hbox (112.32811pt too wide) in paragraph at lines 3--4
[][] 
 []


Overfull \hbox (117.87813pt too wide) in paragraph at lines 3--4
[][] 
 []


Overfull \hbox (112.32811pt too wide) in paragraph at lines 3--4
[][] 
 []


Overfull \hbox (128.97816pt too wide) in paragraph at lines 3--4
[][] 
 []


Overfull \hbox (112.32811pt too wide) in paragraph at lines 3--4
[][] 
 []


Overfull \hbox (123.42815pt too wide) in paragraph at lines 3--4
[][] 
 []


Overfull \hbox (112.32811pt too wide) in paragraph at lines 3--4
[][] 
 []


Overfull \hbox (106.77809pt too wide) in paragraph at lines 3--4
[]  
 []

[36 <./images/4bitaluTB.png>]
Overfull \hbox (97.87813pt too wide) in paragraph at lines 7--9
[][][][][] 
 []


Overfull \hbox (112.32811pt too wide) in paragraph at lines 7--9
[][] 
 []


Overfull \hbox (140.0782pt too wide) in paragraph at lines 7--9
[][] 
 []


Overfull \hbox (112.32811pt too wide) in paragraph at lines 7--9
[][] 
 []


Overfull \hbox (134.52818pt too wide) in paragraph at lines 7--9
[][] 
 []


Overfull \hbox (112.32811pt too wide) in paragraph at lines 7--9
[][] 
 []


Overfull \hbox (106.77809pt too wide) in paragraph at lines 7--9
[]  
 []

) (../tests/CLA_tb.v [37])
<images/claWave.png, id=1095, 1650.165pt x 702.625pt>
File: images/claWave.png Graphic file (type png)
 <use images/claWave.png>
Package pdftex.def Info: images/claWave.png used on input line 320.
(pdftex.def)             Requested size: 330.02715pt x 140.5225pt.

[38] (../onebitALU.v [39 <./images/claWave.png>]) (../tests/onebitALU_tb.v
[40] [41]) <images/onebitWave.png, id=1281, 1646.15pt x 708.6475pt>
File: images/onebitWave.png Graphic file (type png)

<use images/onebitWave.png>
Package pdftex.def Info: images/onebitWave.png used on input line 331.
(pdftex.def)             Requested size: 329.22417pt x 141.72699pt.
 (../OverFlowDetection.v [42 <./images/onebitWave.png>]) <images/overflow_tb.pn
g, id=1319, 843.15pt x 1102.1175pt>
File: images/overflow_tb.png Graphic file (type png)

<use images/overflow_tb.png>
Package pdftex.def Info: images/overflow_tb.png used on input line 340.
(pdftex.def)             Requested size: 168.627pt x 220.41959pt.

<images/overflowWave.png, id=1320, 1652.1725pt x 277.035pt>
File: images/overflowWave.png Graphic file (type png)

<use images/overflowWave.png>
Package pdftex.def Info: images/overflowWave.png used on input line 343.
(pdftex.def)             Requested size: 330.42865pt x 55.406pt.
 (./report.bbl) (../SignExtension.v [43 <./images/overflow_tb.png> <./images/ov
erflowWave.png>]) (../tests/SignExtension_tb.v)
<images/signExtension.png, id=1338, 1180.41pt x 126.4725pt>
File: images/signExtension.png Graphic file (type png)

<use images/signExtension.png>
Package pdftex.def Info: images/signExtension.png used on input line 366.
(pdftex.def)             Requested size: 236.07782pt x 25.29404pt.
 (../mux32bit2to1.v [44 <./images/signExtension.png>]) (../tests/mux32_tb.v)
<images/mux32.png, id=1384, 1939.245pt x 780.9175pt>
File: images/mux32.png Graphic file (type png)
 <use images/mux32.png>
Package pdftex.def Info: images/mux32.png used on input line 380.
(pdftex.def)             Requested size: 387.84213pt x 156.18073pt.

Overfull \hbox (40.7186pt too wide) in paragraph at lines 380--381
[] 
 []

[45] (../mux5bit2to1.v) (../tests/five_tb.v [46 <./images/mux32.png>])
(../Forward.v [47])
Package atveryend Info: Empty hook `BeforeClearDocument' on input line 405.
 [48]
Package atveryend Info: Empty hook `AfterLastShipout' on input line 405.
 (./report.aux)
Package atveryend Info: Executing hook `AtVeryEndDocument' on input line 405.
Package atveryend Info: Executing hook `AtEndAfterFileList' on input line 405.
Package rerunfilecheck Info: File `report.out' has not changed.
(rerunfilecheck)             Checksum: 8C4C79F8F950E001450EC3DDC30B1166;4271.


LaTeX Warning: There were multiply-defined labels.

Package atveryend Info: Empty hook `AtVeryVeryEnd' on input line 405.
 ) 
Here is how much of TeX's memory you used:
 11252 strings out of 493013
 164085 string characters out of 6139316
 625452 words of memory out of 5000000
 13594 multiletter control sequences out of 15000+600000
 7980 words of font info for 28 fonts, out of 8000000 for 9000
 1141 hyphenation exceptions out of 8191
 37i,18n,43p,599b,2056s stack positions out of 5000i,500n,10000p,200000b,80000s
</usr/share/texmf-dist/fonts/type1/public/amsfonts/cm/cmbx10.pfb></usr/share/
texmf-dist/fonts/type1/public/amsfonts/cm/cmbx12.pfb></usr/share/texmf-dist/fon
ts/type1/public/amsfonts/cm/cmbx9.pfb></usr/share/texmf-dist/fonts/type1/public
/amsfonts/cm/cmmi10.pfb></usr/share/texmf-dist/fonts/type1/public/amsfonts/cm/c
mmi9.pfb></usr/share/texmf-dist/fonts/type1/public/amsfonts/cm/cmr10.pfb></usr/
share/texmf-dist/fonts/type1/public/amsfonts/cm/cmr9.pfb></usr/share/texmf-dist
/fonts/type1/public/amsfonts/cm/cmsy9.pfb></usr/share/texmf-dist/fonts/type1/pu
blic/amsfonts/cm/cmti10.pfb></usr/share/texmf-dist/fonts/type1/public/amsfonts/
cm/cmti9.pfb>
Output written on report.pdf (48 pages, 3673923 bytes).
PDF statistics:
 1754 PDF objects out of 2073 (max. 8388607)
 1589 compressed objects within 16 object streams
 966 named destinations out of 1000 (max. 500000)
 728 words of extra memory for PDF output out of 10000 (max. 10000000)

