\BOOKMARK [0][-]{chapter.1}{MIPS in Verilog}{}% 1
\BOOKMARK [1][-]{section.1.1}{Introduction and MIPS Design}{chapter.1}% 2
\BOOKMARK [2][-]{subsection.1.1.1}{MIPS}{section.1.1}% 3
\BOOKMARK [1][-]{section.1.2}{Design Methodology}{chapter.1}% 4
\BOOKMARK [2][-]{subsection.1.2.1}{Mips Data Storage}{section.1.2}% 5
\BOOKMARK [1][-]{section.1.3}{Instruction Set}{chapter.1}% 6
\BOOKMARK [1][-]{section.1.4}{Processor Purpose/Functions}{chapter.1}% 7
\BOOKMARK [2][-]{subsection.1.4.1}{Modules}{section.1.4}% 8
\BOOKMARK [3][-]{subsubsection.1.4.1.1}{MIPS}{subsection.1.4.1}% 9
\BOOKMARK [3][-]{subsubsection.1.4.1.2}{IF}{subsection.1.4.1}% 10
\BOOKMARK [3][-]{subsubsection.1.4.1.3}{ID}{subsection.1.4.1}% 11
\BOOKMARK [3][-]{subsubsection.1.4.1.4}{EX}{subsection.1.4.1}% 12
\BOOKMARK [3][-]{subsubsection.1.4.1.5}{MEM}{subsection.1.4.1}% 13
\BOOKMARK [3][-]{subsubsection.1.4.1.6}{WB}{subsection.1.4.1}% 14
\BOOKMARK [3][-]{subsubsection.1.4.1.7}{Data memory}{subsection.1.4.1}% 15
\BOOKMARK [3][-]{subsubsection.1.4.1.8}{Instruction Memory}{subsection.1.4.1}% 16
\BOOKMARK [3][-]{subsubsection.1.4.1.9}{ALU}{subsection.1.4.1}% 17
\BOOKMARK [4][-]{paragraph.1.4.1.9.1}{16 Bit ALU}{subsubsection.1.4.1.9}% 18
\BOOKMARK [4][-]{paragraph.1.4.1.9.2}{4 Bit ALU}{subsubsection.1.4.1.9}% 19
\BOOKMARK [3][-]{subsubsection.1.4.1.10}{CLA}{subsection.1.4.1}% 20
\BOOKMARK [3][-]{subsubsection.1.4.1.11}{1 Bit ALU}{subsection.1.4.1}% 21
\BOOKMARK [1][-]{section.1.5}{Conclusion}{chapter.1}% 22
\BOOKMARK [1][-]{section.1.6}{Appendex}{chapter.1}% 23
\BOOKMARK [2][-]{subsection.1.6.1}{MIPS}{section.1.6}% 24
\BOOKMARK [3][-]{subsubsection.1.6.1.1}{TB/WF}{subsection.1.6.1}% 25
\BOOKMARK [2][-]{subsection.1.6.2}{IF}{section.1.6}% 26
\BOOKMARK [3][-]{subsubsection.1.6.2.1}{WF/TB}{subsection.1.6.2}% 27
\BOOKMARK [2][-]{subsection.1.6.3}{ID}{section.1.6}% 28
\BOOKMARK [3][-]{subsubsection.1.6.3.1}{WF/TB}{subsection.1.6.3}% 29
\BOOKMARK [2][-]{subsection.1.6.4}{EX}{section.1.6}% 30
\BOOKMARK [3][-]{subsubsection.1.6.4.1}{TB/WF}{subsection.1.6.4}% 31
\BOOKMARK [2][-]{subsection.1.6.5}{MEM}{section.1.6}% 32
\BOOKMARK [3][-]{subsubsection.1.6.5.1}{WF/TB}{subsection.1.6.5}% 33
\BOOKMARK [2][-]{subsection.1.6.6}{WB}{section.1.6}% 34
\BOOKMARK [3][-]{subsubsection.1.6.6.1}{WF/TB}{subsection.1.6.6}% 35
\BOOKMARK [2][-]{subsection.1.6.7}{Data Memory}{section.1.6}% 36
\BOOKMARK [3][-]{subsubsection.1.6.7.1}{TB/WF}{subsection.1.6.7}% 37
\BOOKMARK [2][-]{subsection.1.6.8}{Instruction Memory}{section.1.6}% 38
\BOOKMARK [3][-]{subsubsection.1.6.8.1}{ TB/WF}{subsection.1.6.8}% 39
\BOOKMARK [2][-]{subsection.1.6.9}{Control}{section.1.6}% 40
\BOOKMARK [3][-]{subsubsection.1.6.9.1}{TB/WF}{subsection.1.6.9}% 41
\BOOKMARK [2][-]{subsection.1.6.10}{Control Old}{section.1.6}% 42
\BOOKMARK [3][-]{subsubsection.1.6.10.1}{TB/WF}{subsection.1.6.10}% 43
\BOOKMARK [2][-]{subsection.1.6.11}{Register File}{section.1.6}% 44
\BOOKMARK [3][-]{subsubsection.1.6.11.1}{TB/WF}{subsection.1.6.11}% 45
\BOOKMARK [2][-]{subsection.1.6.12}{ALU Op to Control}{section.1.6}% 46
\BOOKMARK [2][-]{subsection.1.6.13}{32 Bit ALU}{section.1.6}% 47
\BOOKMARK [3][-]{subsubsection.1.6.13.1}{ TB/WV}{subsection.1.6.13}% 48
\BOOKMARK [2][-]{subsection.1.6.14}{16 Bit ALU}{section.1.6}% 49
\BOOKMARK [3][-]{subsubsection.1.6.14.1}{TB/WF}{subsection.1.6.14}% 50
\BOOKMARK [2][-]{subsection.1.6.15}{4 Bit ALU}{section.1.6}% 51
\BOOKMARK [3][-]{subsubsection.1.6.15.1}{TB/WF}{subsection.1.6.15}% 52
\BOOKMARK [2][-]{subsection.1.6.16}{CLA}{section.1.6}% 53
\BOOKMARK [3][-]{subsubsection.1.6.16.1}{TB/WF}{subsection.1.6.16}% 54
\BOOKMARK [2][-]{subsection.1.6.17}{1 Bit ALU}{section.1.6}% 55
\BOOKMARK [3][-]{subsubsection.1.6.17.1}{ TB/WF}{subsection.1.6.17}% 56
\BOOKMARK [2][-]{subsection.1.6.18}{Overflow}{section.1.6}% 57
\BOOKMARK [3][-]{subsubsection.1.6.18.1}{ TB/WB}{subsection.1.6.18}% 58
\BOOKMARK [2][-]{subsection.1.6.19}{Sign Extension}{section.1.6}% 59
\BOOKMARK [3][-]{subsubsection.1.6.19.1}{TB/WF}{subsection.1.6.19}% 60
\BOOKMARK [2][-]{subsection.1.6.20}{Mux 32 bit 2 to 1}{section.1.6}% 61
\BOOKMARK [3][-]{subsubsection.1.6.20.1}{TB/WF}{subsection.1.6.20}% 62
\BOOKMARK [2][-]{subsection.1.6.21}{Mux 5 Bit 2 to 1}{section.1.6}% 63
\BOOKMARK [2][-]{subsection.1.6.22}{Forarding}{section.1.6}% 64
